2024.06.18 09:25:37 INFO  Started: Metals version 1.3.1 in folders 'D:\UCSC\Year 2\1st  SEMESTER YEAR 2\functional progamming\Labsheets\lab 1\FP_Practical_1' for client Visual Studio Code 1.90.1.
SLF4J(W): Class path contains multiple SLF4J providers.
SLF4J(W): Found provider [scribe.slf4j.ScribeServiceProvider@8596001]
SLF4J(W): Found provider [ch.qos.logback.classic.spi.LogbackServiceProvider@505d6dd1]
SLF4J(W): See https://www.slf4j.org/codes.html#multiple_bindings for an explanation.
SLF4J(I): Actual provider is of type [scribe.slf4j.ScribeServiceProvider@8596001]
2024.06.18 09:25:38 WARN  Flyway upgrade recommended: H2 2.2.224 is newer than this version of Flyway and support has not been tested. The latest supported version of H2 is 2.2.220.
2024.06.18 09:25:50 INFO  running 'C:\Users\ASUS\AppData\Local\Coursier\cache\arc\https\github.com\adoptium\temurin11-binaries\releases\download\jdk-11.0.23%252B9\OpenJDK11U-jdk_x64_windows_hotspot_11.0.23_9.zip\jdk-11.0.23+9\bin\java.exe -Djline.terminal=jline.UnsupportedTerminal -Dsbt.log.noformat=true -Dfile.encoding=UTF-8 -Dsbt.version=1.9.9 -jar C:\Users\ASUS\AppData\Local\Temp\metals3356839504913922243\sbt-launch.jar -Dbloop.export-jar-classifiers=sources bloopInstall'
2024.06.18 09:25:50 ERROR [info] waiting for lock on C:\Users\ASUS\.sbt\boot\sbt.boot.lock to be available...
2024.06.18 09:25:54 ERROR [info] [launcher] getting org.scala-sbt sbt 1.9.9  (this may take some time)...
2024.06.18 09:27:22 ERROR [info] [launcher] getting Scala 2.12.18 (for sbt)...
2024.06.18 09:27:34 INFO  [info] welcome to sbt 1.9.9 (Eclipse Adoptium Java 11.0.23)
2024.06.18 09:27:37 INFO  [info] loading settings for project fp_practical_1-build-build from metals.sbt ...
2024.06.18 09:27:37 INFO  [info] loading project definition from D:\UCSC\Year 2\1st  SEMESTER YEAR 2\functional progamming\Labsheets\lab 1\FP_Practical_1\project\project
2024.06.18 09:27:41 INFO  [info] loading settings for project fp_practical_1-build from metals.sbt ...
2024.06.18 09:27:41 INFO  [info] loading project definition from D:\UCSC\Year 2\1st  SEMESTER YEAR 2\functional progamming\Labsheets\lab 1\FP_Practical_1\project
2024.06.18 09:27:52 INFO  [success] Generated .bloop\fp_practical_1-build.json
2024.06.18 09:27:52 INFO  [success] Total time: 11 s, completed Jun 18, 2024, 9:27:52 AM
2024.06.18 09:27:54 INFO  [info] loading settings for project fp_practical_1 from build.sbt ...
2024.06.18 09:27:54 INFO  [info] set current project to fp_practical_1 (in build file:/D:/UCSC/Year%202/1st%20%20SEMESTER%20YEAR%202/functional%20progamming/Labsheets/lab%201/FP_Practical_1/)
2024.06.18 09:28:01 INFO  [success] Generated .bloop\fp_practical_1.json
2024.06.18 09:28:01 INFO  [success] Generated .bloop\fp_practical_1-test.json
2024.06.18 09:28:01 INFO  [success] Total time: 7 s, completed Jun 18, 2024, 9:28:01 AM
2024.06.18 09:28:01 INFO  time: ran 'sbt bloopInstall' in 2m11s
2024.06.18 09:28:01 INFO  Attempting to connect to the build server...
2024.06.18 09:28:01 INFO  Setting up current java home C:\Users\ASUS\AppData\Local\Coursier\cache\arc\https\github.com\adoptium\temurin17-binaries\releases\download\jdk-17%252B35\OpenJDK17-jdk_x64_windows_hotspot_17_35.zip\jdk-17+35 in C:\Users\ASUS\.bloop\bloop.json
Jun 18, 2024 9:28:25 AM org.eclipse.lsp4j.jsonrpc.services.GenericEndpoint notify
INFO: Unsupported notification method: $/setTrace
2024.06.18 09:28:39 INFO  tracing is disabled for protocol BSP, to enable tracing of incoming and outgoing JSON messages create an empty file at D:\UCSC\Year 2\1st  SEMESTER YEAR 2\functional progamming\Labsheets\lab 1\FP_Practical_1\.metals\bsp.trace.json or C:\Users\ASUS\AppData\Local\scalameta\metals\cache\bsp.trace.json
2024.06.18 09:28:59 ERROR Timeout waiting for 'build/initialize' response
2024.06.18 09:28:59 WARN  Retrying connection to the build server Bloop
2024.06.18 09:28:59 INFO  tracing is disabled for protocol BSP, to enable tracing of incoming and outgoing JSON messages create an empty file at D:\UCSC\Year 2\1st  SEMESTER YEAR 2\functional progamming\Labsheets\lab 1\FP_Practical_1\.metals\bsp.trace.json or C:\Users\ASUS\AppData\Local\scalameta\metals\cache\bsp.trace.json
2024.06.18 09:28:59 INFO  Attempting to connect to the build server...
2024.06.18 09:28:59 INFO  tracing is disabled for protocol BSP, to enable tracing of incoming and outgoing JSON messages create an empty file at D:\UCSC\Year 2\1st  SEMESTER YEAR 2\functional progamming\Labsheets\lab 1\FP_Practical_1\project\.metals\bsp.trace.json or C:\Users\ASUS\AppData\Local\scalameta\metals\cache\bsp.trace.json
2024.06.18 09:29:19 INFO  time: Connected to build server in 1m17s
2024.06.18 09:29:19 INFO  Connected to Build server: Bloop v1.5.17
2024.06.18 09:29:20 INFO  time: Imported build in 0.35s
2024.06.18 09:29:55 INFO  Shutting down server
2024.06.18 09:29:55 INFO  shutting down Metals
2024.06.18 09:29:55 INFO  Shut down connection with build server.
2024.06.18 09:29:55 INFO  Shut down connection with build server.
2024.06.18 09:29:55 INFO  Exiting server
